Start testing: Oct 24 09:56 CST
----------------------------------------------------------
Unable to find executable: /home/phantom/CS144/sponge/build/tests/fsm_stream_reassembler_single
18/169 Testing: t_strm_reassem_single
18/169 Test: t_strm_reassem_single
Command: ""
Directory: /home/phantom/CS144/sponge/build
"t_strm_reassem_single" start time: 
Output:
----------------------------------------------------------
<end of output>
Test time =   0.00 sec
----------------------------------------------------------
Test Passed.
"t_strm_reassem_single" end time: Oct 24 09:56 CST
"t_strm_reassem_single" time elapsed: 00:00:00
----------------------------------------------------------

Unable to find executable: /home/phantom/CS144/sponge/build/tests/fsm_stream_reassembler_seq
19/169 Testing: t_strm_reassem_seq
19/169 Test: t_strm_reassem_seq
Command: ""
Directory: /home/phantom/CS144/sponge/build
"t_strm_reassem_seq" start time: 
Output:
----------------------------------------------------------
<end of output>
Test time =   0.00 sec
----------------------------------------------------------
Test Passed.
"t_strm_reassem_seq" end time: Oct 24 09:56 CST
"t_strm_reassem_seq" time elapsed: 00:00:00
----------------------------------------------------------

Unable to find executable: /home/phantom/CS144/sponge/build/tests/fsm_stream_reassembler_dup
20/169 Testing: t_strm_reassem_dup
20/169 Test: t_strm_reassem_dup
Command: ""
Directory: /home/phantom/CS144/sponge/build
"t_strm_reassem_dup" start time: 
Output:
----------------------------------------------------------
<end of output>
Test time =   0.00 sec
----------------------------------------------------------
Test Passed.
"t_strm_reassem_dup" end time: Oct 24 09:56 CST
"t_strm_reassem_dup" time elapsed: 00:00:00
----------------------------------------------------------

Unable to find executable: /home/phantom/CS144/sponge/build/tests/fsm_stream_reassembler_holes
21/169 Testing: t_strm_reassem_holes
21/169 Test: t_strm_reassem_holes
Command: ""
Directory: /home/phantom/CS144/sponge/build
"t_strm_reassem_holes" start time: 
Output:
----------------------------------------------------------
<end of output>
Test time =   0.00 sec
----------------------------------------------------------
Test Passed.
"t_strm_reassem_holes" end time: Oct 24 09:56 CST
"t_strm_reassem_holes" time elapsed: 00:00:00
----------------------------------------------------------

Unable to find executable: /home/phantom/CS144/sponge/build/tests/fsm_stream_reassembler_many
22/169 Testing: t_strm_reassem_many
22/169 Test: t_strm_reassem_many
Command: ""
Directory: /home/phantom/CS144/sponge/build
"t_strm_reassem_many" start time: 
Output:
----------------------------------------------------------
<end of output>
Test time =   0.00 sec
----------------------------------------------------------
Test Passed.
"t_strm_reassem_many" end time: Oct 24 09:56 CST
"t_strm_reassem_many" time elapsed: 00:00:00
----------------------------------------------------------

Unable to find executable: /home/phantom/CS144/sponge/build/tests/fsm_stream_reassembler_overlapping
23/169 Testing: t_strm_reassem_overlapping
23/169 Test: t_strm_reassem_overlapping
Command: ""
Directory: /home/phantom/CS144/sponge/build
"t_strm_reassem_overlapping" start time: 
Output:
----------------------------------------------------------
<end of output>
Test time =   0.00 sec
----------------------------------------------------------
Test Passed.
"t_strm_reassem_overlapping" end time: Oct 24 09:56 CST
"t_strm_reassem_overlapping" time elapsed: 00:00:00
----------------------------------------------------------

Unable to find executable: /home/phantom/CS144/sponge/build/tests/fsm_stream_reassembler_win
24/169 Testing: t_strm_reassem_win
24/169 Test: t_strm_reassem_win
Command: ""
Directory: /home/phantom/CS144/sponge/build
"t_strm_reassem_win" start time: 
Output:
----------------------------------------------------------
<end of output>
Test time =   0.00 sec
----------------------------------------------------------
Test Passed.
"t_strm_reassem_win" end time: Oct 24 09:56 CST
"t_strm_reassem_win" time elapsed: 00:00:00
----------------------------------------------------------

Unable to find executable: /home/phantom/CS144/sponge/build/tests/fsm_stream_reassembler_cap
25/169 Testing: t_strm_reassem_cap
25/169 Test: t_strm_reassem_cap
Command: ""
Directory: /home/phantom/CS144/sponge/build
"t_strm_reassem_cap" start time: 
Output:
----------------------------------------------------------
<end of output>
Test time =   0.00 sec
----------------------------------------------------------
Test Passed.
"t_strm_reassem_cap" end time: Oct 24 09:56 CST
"t_strm_reassem_cap" time elapsed: 00:00:00
----------------------------------------------------------

26/169 Testing: t_byte_stream_construction
26/169 Test: t_byte_stream_construction
Command: "/home/phantom/CS144/sponge/build/tests/byte_stream_construction"
Directory: /home/phantom/CS144/sponge/build
"t_byte_stream_construction" start time: Oct 24 09:56 CST
Output:
----------------------------------------------------------
Test Failure on expectation:
	Expectation: buffer_empty: 1

Failure message:
	The ByteStream should have had buffer_empty equal to 1 but instead it was 0

List of steps that executed successfully:
	Initialized with (capacity=15)
	Expectation: input_ended: 0

Exception: The test "construction" failed
<end of output>
Test time =   0.01 sec
----------------------------------------------------------
Test Failed.
"t_byte_stream_construction" end time: Oct 24 09:56 CST
"t_byte_stream_construction" time elapsed: 00:00:00
----------------------------------------------------------

27/169 Testing: t_byte_stream_one_write
27/169 Test: t_byte_stream_one_write
Command: "/home/phantom/CS144/sponge/build/tests/byte_stream_one_write"
Directory: /home/phantom/CS144/sponge/build
"t_byte_stream_one_write" start time: Oct 24 09:56 CST
Output:
----------------------------------------------------------
Test Failure on expectation:
	Expectation: bytes_written: 3

Failure message:
	The ByteStream should have had bytes_written equal to 3 but instead it was 0

List of steps that executed successfully:
	Initialized with (capacity=15)
	     Action: write "cat" to the stream
	Expectation: input_ended: 0
	Expectation: buffer_empty: 0
	Expectation: eof: 0
	Expectation: bytes_read: 0

Exception: The test "write-end-pop" failed
<end of output>
Test time =   0.01 sec
----------------------------------------------------------
Test Failed.
"t_byte_stream_one_write" end time: Oct 24 09:56 CST
"t_byte_stream_one_write" time elapsed: 00:00:00
----------------------------------------------------------

28/169 Testing: t_byte_stream_two_writes
28/169 Test: t_byte_stream_two_writes
Command: "/home/phantom/CS144/sponge/build/tests/byte_stream_two_writes"
Directory: /home/phantom/CS144/sponge/build
"t_byte_stream_two_writes" start time: Oct 24 09:56 CST
Output:
----------------------------------------------------------
Test Failure on expectation:
	Expectation: bytes_written: 3

Failure message:
	The ByteStream should have had bytes_written equal to 3 but instead it was 0

List of steps that executed successfully:
	Initialized with (capacity=15)
	     Action: write "cat" to the stream
	Expectation: input_ended: 0
	Expectation: buffer_empty: 0
	Expectation: eof: 0
	Expectation: bytes_read: 0

Exception: The test "write-write-end-pop-pop" failed
<end of output>
Test time =   0.00 sec
----------------------------------------------------------
Test Failed.
"t_byte_stream_two_writes" end time: Oct 24 09:56 CST
"t_byte_stream_two_writes" time elapsed: 00:00:00
----------------------------------------------------------

29/169 Testing: t_byte_stream_capacity
29/169 Test: t_byte_stream_capacity
Command: "/home/phantom/CS144/sponge/build/tests/byte_stream_capacity"
Directory: /home/phantom/CS144/sponge/build
"t_byte_stream_capacity" start time: Oct 24 09:56 CST
Output:
----------------------------------------------------------
Test Failure on expectation:
	     Action: write "cat" to the stream

Failure message:
	The ByteStream should have had bytes_written equal to 2 but instead it was 0

List of steps that executed successfully:
	Initialized with (capacity=2)

Exception: The test "overwrite" failed
<end of output>
Test time =   0.01 sec
----------------------------------------------------------
Test Failed.
"t_byte_stream_capacity" end time: Oct 24 09:56 CST
"t_byte_stream_capacity" time elapsed: 00:00:00
----------------------------------------------------------

30/169 Testing: t_byte_stream_many_writes
30/169 Test: t_byte_stream_many_writes
Command: "/home/phantom/CS144/sponge/build/tests/byte_stream_many_writes"
Directory: /home/phantom/CS144/sponge/build
"t_byte_stream_many_writes" start time: Oct 24 09:56 CST
Output:
----------------------------------------------------------
Test Failure on expectation:
	     Action: write "bbknhmrxsvptcpycoqmopvbtuigiqxpgxeigfpcwrxrivixwqhnckgvusmhlspirzuxmbwksxfumjrvlbwjaicdgjhrvpqcztgfjgxaguvbnsxpjkizjkyzsslpnumqoecqzqtyazuuavgegvhqtphgmcmdb" to the stream

Failure message:
	The ByteStream should have had bytes_written equal to 156 but instead it was 0

List of steps that executed successfully:
	Initialized with (capacity=200000)

Exception: The test "many writes" failed
<end of output>
Test time =   0.01 sec
----------------------------------------------------------
Test Failed.
"t_byte_stream_many_writes" end time: Oct 24 09:56 CST
"t_byte_stream_many_writes" time elapsed: 00:00:00
----------------------------------------------------------

53/169 Testing: t_address_dt
53/169 Test: t_address_dt
Command: "/home/phantom/CS144/sponge/build/doctests/address_dt"
Directory: /home/phantom/CS144/sponge/build
"t_address_dt" start time: Oct 24 09:56 CST
Output:
----------------------------------------------------------
<end of output>
Test time =   0.01 sec
----------------------------------------------------------
Test Passed.
"t_address_dt" end time: Oct 24 09:56 CST
"t_address_dt" time elapsed: 00:00:00
----------------------------------------------------------

54/169 Testing: t_parser_dt
54/169 Test: t_parser_dt
Command: "/home/phantom/CS144/sponge/build/doctests/parser_dt"
Directory: /home/phantom/CS144/sponge/build
"t_parser_dt" start time: Oct 24 09:56 CST
Output:
----------------------------------------------------------
<end of output>
Test time =   0.00 sec
----------------------------------------------------------
Test Passed.
"t_parser_dt" end time: Oct 24 09:56 CST
"t_parser_dt" time elapsed: 00:00:00
----------------------------------------------------------

55/169 Testing: t_socket_dt
55/169 Test: t_socket_dt
Command: "/home/phantom/CS144/sponge/build/doctests/socket_dt"
Directory: /home/phantom/CS144/sponge/build
"t_socket_dt" start time: Oct 24 09:56 CST
Output:
----------------------------------------------------------
<end of output>
Test time =   0.01 sec
----------------------------------------------------------
Test Passed.
"t_socket_dt" end time: Oct 24 09:56 CST
"t_socket_dt" time elapsed: 00:00:00
----------------------------------------------------------

End testing: Oct 24 09:56 CST
